<?xml version="1.0" encoding="UTF-8"?>
<!-- Generated by org.testng.reporters.JUnitXMLReporter -->
<testsuite ignored="0" hostname="Simran" failures="1" tests="2" name="Test" time="17.908" errors="0" timestamp="2022-12-11T23:12:50 IST">
  <testcase classname="TestCases.LoginTest" name="browserTest" time="1.333">
    <failure type="java.lang.AssertionError" message="The following asserts failed:
	expected [Please check your username password. If you still can&amp;apos;t log in, contact your Salesforce administrator.] but found [Please check your username and password. If you still can&amp;apos;t log in, contact your Salesforce administrator.]">
      <![CDATA[java.lang.AssertionError: The following asserts failed:
expected [Please check your username password. If you still can't log in, contact your Salesforce administrator.] but found [Please check your username and password. If you still can't log in, contact your Salesforce administrator.]
at Resources.commonMethods.handleAssertion(commonMethods.java:35)
at TestCases.LoginTest.browserTest(LoginTest.java:39)
at java.base/java.util.ArrayList.forEach(ArrayList.java:1511)
... Removed 29 stack frames]]>
    </failure>
  </testcase> <!-- browserTest -->
  <testcase classname="TestCases.SignUpTest" name="verify" time="8.658"/>
</testsuite> <!-- Test -->
